CCS PCM C Compiler, Version 4.114, 93471994               26-mar-12 10:45

               Filename: Z:\LipoMonitor\main.lst

               ROM used: 20 words (0%)
                         Largest free fragment is 2048
               RAM used: 5 (1%) at main() level
                         5 (1%) worst case
               Stack:    0 locations

*
0000:  MOVLW  00
0001:  MOVWF  0A
0002:  GOTO   004
0003:  NOP
.................... #include <main.h> 
.................... #include <16F88.h> 
.................... //////// Standard Header file for the PIC16F88 device //////////////// 
.................... #device PIC16F88 
.................... #list 
....................  
....................  
.................... #FUSES NOWDT                 	//No Watch Dog Timer 
.................... #FUSES NOPUT                 	//No Power Up Timer 
.................... #FUSES INTRC_IO              	//Internal RC Osc, no CLKOUT 
.................... #FUSES MCLR                  	//Master Clear pin enabled 
.................... #FUSES NOBROWNOUT            	//No brownout reset 
.................... #FUSES NOLVP                 	//No low voltage prgming, B3(PIC16) or B5(PIC18) used for I/O 
.................... #FUSES NOCPD                 	//No EE protection 
.................... #FUSES NOWRT                 	//Program memory not write protected 
.................... #FUSES NODEBUG               	//No Debug mode for ICD 
.................... #FUSES NOPROTECT             	//Code not protected from reading 
.................... #FUSES FCMEN                 	//Fail-safe clock monitor enabled 
.................... #FUSES IESO                  	//Internal External Switch Over mode enabled 
....................  
.................... #use delay(int=4000000) 
....................  
....................  
....................  
....................  
.................... void main() 
.................... { 
0004:  CLRF   04
0005:  BCF    03.7
0006:  MOVLW  1F
0007:  ANDWF  03,F
0008:  MOVLW  62
0009:  BSF    03.5
000A:  MOVWF  0F
000B:  MOVF   0F,W
000C:  BCF    1F.4
000D:  BCF    1F.5
000E:  MOVF   1B,W
000F:  ANDLW  80
0010:  MOVWF  1B
0011:  MOVLW  07
0012:  MOVWF  1C
....................  
....................  
....................  
.................... } 
0013:  SLEEP

Configuration Fuses:
   Word  1: 3F38   NOWDT NOPUT INTRC_IO MCLR NOBROWNOUT NOLVP NOCPD NOWRT NODEBUG CCPB0 NOPROTECT
   Word  2: 3FFF   FCMEN IESO
