
ROM used: 79 (2%)
          79 (2%) including unused fragments

          0 Average locations per line
          8 Average locations per statement

RAM used: 8 (2%) at main() level
          9 (2%) worst case

Stack used: 2 worst case (out of 8 total available)

Lines Stmts  %   Files
----- ----- ---  -----
   23    10 100  main.c
   20     0   0  main.h
  322     0   0  C:\Program Files\PICC\devices\16F88.h
----- -----
  365    10 Total

Page ROM  %  RAM   Vol Diff  Functions:
---- --- --- ---   --- ----  ----------
0     20  25   1             @delay_ms1
0     29  37   0   138  3.0  alarma
0     26  33   1    43  1.3  MAIN

Program metrics:
    Functions               2
    Statements              10
    Comments                84
    Volume (V)              222
    Difficilty (D)          4.3
    Effort to implement (E) 943
    Time to implement (T)   1 minutes
    Est Delivered Bugs (B)  0
    Cyclomatic Complexity   1
    Maintainability (MI)    91

 Segment     Used  Free
-----------  ----  ----
00000-00003     4  0  
00004-007FF    75  1969  
00800-00FFF     0  2048  



